2024-09-20 12:33:39,872 - INFO - Starting the Superstore data transformation/ Manupulation process.
2024-09-20 12:34:34,800 - INFO - Starting the Superstore data transformation/ Manupulation process.
2024-09-20 12:35:02,670 - INFO - Starting the Superstore data transformation/ Manupulation process.
2024-09-20 12:35:29,437 - INFO - Starting the Superstore data transformation/ Manupulation process.
2024-09-20 12:38:38,093 - INFO - Starting the Superstore data transformation/ Manupulation process.
2024-09-20 12:48:03,228 - INFO - Starting the Superstore data transformation/ Manupulation process.
2024-09-20 12:50:57,524 - INFO - Starting the Superstore data transformation/ Manupulation process.
2024-09-20 12:51:18,064 - INFO - Starting the Superstore data transformation/ Manupulation process.
2024-09-20 12:52:18,736 - INFO - Starting the Superstore data transformation/ Manupulation process.
2024-09-20 12:52:43,771 - INFO - Starting the Superstore data transformation/ Manupulation process.
2024-09-20 12:54:24,143 - INFO - Starting the Superstore data transformation/ Manupulation process.
2024-09-20 12:55:38,723 - INFO - Starting the Superstore data transformation/ Manupulation process.
2024-09-20 12:55:38,724 - ERROR - Failed to load Excel file: {e}
2024-09-20 12:57:30,523 - INFO - Starting the Superstore data transformation/ Manupulation process.
2024-09-20 12:57:30,524 - ERROR - Failed to load Excel file: {e}
2024-09-20 13:01:43,374 - INFO - Starting the Superstore data transformation/ Manupulation process.
2024-09-20 13:02:22,499 - INFO - Starting the Superstore data transformation/ Manupulation process.
2024-09-20 13:02:38,461 - INFO - Starting the Superstore data transformation/ Manupulation process.
2024-09-20 13:05:54,644 - INFO - Starting the Superstore data transformation/ Manupulation process.
2024-09-20 13:08:22,083 - INFO - Starting the Superstore data transformation/ Manupulation process.
2024-09-20 13:08:39,480 - INFO - Starting the Superstore data transformation/ Manupulation process.
2024-09-20 13:13:24,497 - INFO - Starting the Superstore data transformation/ Manupulation process.
2024-09-20 13:15:02,002 - INFO - Starting the Superstore data transformation/ Manupulation process.
2024-09-20 13:15:51,598 - INFO - Starting the Superstore data transformation/ Manupulation process.
2024-09-20 13:15:51,598 - INFO - Read process of input file start.
2024-09-20 13:16:05,247 - INFO - Starting the Superstore data transformation/ Manupulation process.
2024-09-20 13:16:05,247 - INFO - Read process of input file start.
2024-09-20 13:16:24,318 - INFO - Starting the Superstore data transformation/ Manupulation process.
2024-09-20 13:16:24,319 - INFO - Read process of input file start.
2024-09-20 13:16:24,320 - ERROR - Failed to load Excel file: {e}
2024-09-20 13:17:23,496 - INFO - Starting the Superstore data transformation/ Manupulation process.
2024-09-20 13:17:23,496 - INFO - Read process of input file start.
2024-09-20 13:17:23,497 - ERROR - Failed to load Excel file: {e}
2024-09-20 13:18:33,876 - INFO - Starting the Superstore data transformation/ Manupulation process.
2024-09-20 13:18:33,877 - INFO - Read process of input file start.
2024-09-20 13:18:33,878 - ERROR - Failed to load Excel file: [Errno 2] No such file or directory: '../resources/SuperstoreData.xlsx'
2024-09-20 13:21:34,936 - INFO - Starting the Superstore data transformation/ Manupulation process.
2024-09-20 13:21:34,937 - INFO - Read process of input file start.
2024-09-20 13:21:34,937 - ERROR - Failed to load Excel file: [Errno 2] No such file or directory: 'resources/SuperstoreData.xlsx'
2024-09-20 13:22:39,459 - INFO - Starting the Superstore data transformation/ Manupulation process.
2024-09-20 13:22:39,459 - INFO - Read process of input file start.
2024-09-20 13:22:39,460 - ERROR - Failed to load Excel file: [Errno 2] No such file or directory: '../resources/SuperstoreData.xlsx'
2024-09-20 13:23:07,781 - INFO - Starting the Superstore data transformation/ Manupulation process.
2024-09-20 13:23:07,782 - INFO - Read process of input file start.
2024-09-20 13:23:07,782 - ERROR - Failed to load Excel file: [Errno 2] No such file or directory: '../resources/SuperstoreData.xlsx'
2024-09-20 13:26:41,039 - INFO - Starting the Superstore data transformation/ Manupulation process.
2024-09-20 13:26:41,040 - INFO - Read process of input file start.
2024-09-20 13:26:41,041 - ERROR - Failed to load Excel file: Missing optional dependency 'xlrd'. Install xlrd >= 2.0.1 for xls Excel support Use pip or conda to install xlrd.
2024-09-20 13:29:38,442 - INFO - Starting the Superstore data transformation/ Manupulation process.
2024-09-20 13:29:38,443 - INFO - Read process of input file start.
2024-09-20 13:29:39,090 - INFO - Excel file loaded successfully.
2024-09-20 14:05:46,531 - INFO - Starting the Superstore data transformation/ Manupulation process.
2024-09-20 14:05:46,531 - INFO - Read process of input file start.
2024-09-20 14:05:46,777 - INFO - Excel file loaded successfully.
2024-09-20 14:05:47,022 - INFO - Loaded sheet: {sheet_name}
2024-09-20 14:05:47,024 - INFO - Loaded sheet: {sheet_name}
2024-09-20 14:05:47,025 - INFO - Loaded sheet: {sheet_name}
2024-09-20 14:05:47,026 - INFO - Loaded sheet: {sheet_name}
2024-09-20 14:05:47,026 - INFO - Transforming data...
2024-09-20 14:05:47,026 - INFO - Operation 1 processing Join Orders and Returns sheet and add Return Status
2024-09-20 14:05:47,034 - INFO - Operation 2 processing Join Orders and People sheet and add Regional Manager
2024-09-20 14:06:17,828 - INFO - Starting the Superstore data transformation/ Manupulation process.
2024-09-20 14:06:17,829 - INFO - Read process of input file start.
2024-09-20 14:06:18,099 - INFO - Excel file loaded successfully.
2024-09-20 14:06:18,204 - INFO - Loaded sheet: {sheet_name}
2024-09-20 14:06:18,206 - INFO - Loaded sheet: {sheet_name}
2024-09-20 14:06:18,206 - INFO - Loaded sheet: {sheet_name}
2024-09-20 14:06:18,207 - INFO - Loaded sheet: {sheet_name}
2024-09-20 14:06:18,207 - INFO - Transforming data...
2024-09-20 14:06:18,207 - INFO - Operation 1 processing Join Orders and Returns sheet and add Return Status
2024-09-20 14:06:18,211 - INFO - Operation 2 processing Join Orders and People sheet and add Regional Manager
2024-09-20 14:07:55,897 - INFO - Starting the Superstore data transformation/ Manupulation process.
2024-09-20 14:07:55,898 - INFO - Read process of input file start.
2024-09-20 14:07:56,137 - INFO - Excel file loaded successfully.
2024-09-20 14:07:56,238 - INFO - Loaded sheet: Orders
2024-09-20 14:07:56,240 - INFO - Loaded sheet: Returns
2024-09-20 14:07:56,241 - INFO - Loaded sheet: People
2024-09-20 14:07:56,241 - INFO - Loaded sheet: States
2024-09-20 14:07:56,241 - INFO - Transforming data...
2024-09-20 14:07:56,241 - INFO - Operation 1 processing Join Orders and Returns sheet and add Return Status
2024-09-20 14:07:56,245 - INFO - Operation 2 processing Join Orders and People sheet and add Regional Manager
2024-09-20 14:09:04,831 - INFO - Starting the Superstore data transformation/ Manupulation process.
2024-09-20 14:09:04,831 - INFO - Read process of input file start.
2024-09-20 14:09:05,076 - INFO - Excel file loaded successfully.
2024-09-20 14:09:05,177 - INFO - Loaded sheet: Orders
2024-09-20 14:09:05,178 - INFO - Loaded sheet: Returns
2024-09-20 14:09:05,179 - INFO - Loaded sheet: People
2024-09-20 14:09:05,180 - INFO - Loaded sheet: States
2024-09-20 14:09:05,180 - INFO - Transforming data...
2024-09-20 14:09:05,180 - INFO - Operation 1 processing Join Orders and Returns sheet and add Return Status
2024-09-20 14:12:09,982 - INFO - Starting the Superstore data transformation/ Manupulation process.
2024-09-20 14:12:09,982 - INFO - Read process of input file start.
2024-09-20 14:12:10,267 - INFO - Excel file loaded successfully.
2024-09-20 14:12:10,370 - INFO - Loaded sheet: Orders
2024-09-20 14:12:10,372 - INFO - Loaded sheet: Returns
2024-09-20 14:12:10,373 - INFO - Loaded sheet: People
2024-09-20 14:12:10,374 - INFO - Loaded sheet: States
2024-09-20 14:12:10,374 - INFO - Transforming data...
2024-09-20 14:12:10,374 - INFO - Operation 1 processing Join Orders and Returns sheet and add Return Status
2024-09-20 14:14:29,472 - INFO - Starting the Superstore data transformation/ Manupulation process.
2024-09-20 14:14:29,472 - INFO - Read process of input file start.
2024-09-20 14:14:29,715 - INFO - Excel file loaded successfully.
2024-09-20 14:14:29,818 - INFO - Loaded sheet: Orders
2024-09-20 14:14:29,819 - INFO - Loaded sheet: Returns
2024-09-20 14:14:29,820 - INFO - Loaded sheet: People
2024-09-20 14:14:29,821 - INFO - Loaded sheet: States
2024-09-20 14:14:29,821 - INFO - Transforming data...
2024-09-20 14:14:29,821 - INFO - Operation 1 processing Join Orders and Returns sheet and add Return Status
2024-09-20 14:15:15,902 - INFO - Starting the Superstore data transformation/ Manupulation process.
2024-09-20 14:15:15,903 - INFO - Read process of input file start.
2024-09-20 14:15:16,139 - INFO - Excel file loaded successfully.
2024-09-20 14:15:16,238 - INFO - Loaded sheet: Orders
2024-09-20 14:15:16,240 - INFO - Loaded sheet: Returns
2024-09-20 14:15:16,241 - INFO - Loaded sheet: People
2024-09-20 14:15:16,241 - INFO - Loaded sheet: States
2024-09-20 14:15:16,241 - INFO - Transforming data...
2024-09-20 14:15:16,241 - INFO - Operation 1 processing Join Orders and Returns sheet and add Return Status
2024-09-20 14:17:29,824 - INFO - Starting the Superstore data transformation/ Manupulation process.
2024-09-20 14:17:29,824 - INFO - Read process of input file start.
2024-09-20 14:17:30,058 - INFO - Excel file loaded successfully.
2024-09-20 14:17:30,157 - INFO - Loaded sheet: Orders
2024-09-20 14:17:30,159 - INFO - Loaded sheet: Returns
2024-09-20 14:17:30,160 - INFO - Loaded sheet: People
2024-09-20 14:17:30,160 - INFO - Loaded sheet: States
2024-09-20 14:17:30,160 - INFO - Transforming data...
2024-09-20 14:17:30,160 - INFO - Operation 1 processing Join Orders and Returns sheet and add Return Status
2024-09-20 14:21:01,315 - INFO - Starting the Superstore data transformation/ Manupulation process.
2024-09-20 14:21:01,315 - INFO - Read process of input file start.
2024-09-20 14:21:01,554 - INFO - Excel file loaded successfully.
2024-09-20 14:21:01,655 - INFO - Loaded sheet: Orders
2024-09-20 14:21:01,657 - INFO - Loaded sheet: Returns
2024-09-20 14:21:01,657 - INFO - Loaded sheet: People
2024-09-20 14:21:01,658 - INFO - Loaded sheet: States
2024-09-20 14:21:01,658 - INFO - Transforming data...
2024-09-20 14:21:01,658 - INFO - Operation 1 processing Join Orders and Returns sheet and add Return Status
2024-09-20 14:21:31,853 - INFO - Starting the Superstore data transformation/ Manupulation process.
2024-09-20 14:21:31,853 - INFO - Read process of input file start.
2024-09-20 14:21:32,090 - INFO - Excel file loaded successfully.
2024-09-20 14:21:32,193 - INFO - Loaded sheet: Orders
2024-09-20 14:21:32,195 - INFO - Loaded sheet: Returns
2024-09-20 14:21:32,195 - INFO - Loaded sheet: People
2024-09-20 14:21:32,196 - INFO - Loaded sheet: States
2024-09-20 14:21:32,196 - INFO - Transforming data...
2024-09-20 14:21:32,196 - INFO - Operation 1 processing Join Orders and Returns sheet and add Return Status
2024-09-20 14:27:51,008 - INFO - Starting the Superstore data transformation/ Manupulation process.
2024-09-20 14:27:51,008 - INFO - Read process of input file start.
2024-09-20 14:27:51,243 - INFO - Excel file loaded successfully.
2024-09-20 14:27:51,341 - INFO - Loaded sheet: Orders
2024-09-20 14:27:51,343 - INFO - Loaded sheet: Returns
2024-09-20 14:27:51,343 - INFO - Loaded sheet: People
2024-09-20 14:27:51,344 - INFO - Loaded sheet: States
2024-09-20 14:27:51,344 - INFO - Transforming data...
2024-09-20 14:27:51,344 - INFO - Operation 1 processing Join Orders and Returns sheet and add Return Status
2024-09-20 14:27:51,347 - INFO - Operation 2 processing Join Orders and People sheet and add Regional Manager
2024-09-20 14:36:41,119 - INFO - Starting the Superstore data transformation/ Manupulation process.
2024-09-20 14:36:41,120 - INFO - Read process of input file start.
2024-09-20 14:36:41,367 - INFO - Excel file loaded successfully.
2024-09-20 14:36:41,470 - INFO - Loaded sheet: Orders
2024-09-20 14:36:41,472 - INFO - Loaded sheet: Returns
2024-09-20 14:36:41,473 - INFO - Loaded sheet: People
2024-09-20 14:36:41,473 - INFO - Loaded sheet: States
2024-09-20 14:36:41,474 - INFO - Transforming data...
2024-09-20 14:36:41,474 - INFO - Operation 1 processing Join Orders and Returns sheet and add Return Status
2024-09-20 14:36:41,477 - INFO - Operation 2 processing Join Orders and People sheet and add Regional Manager
2024-09-20 14:49:52,480 - INFO - Starting the Superstore data transformation/ Manupulation process.
2024-09-20 14:49:52,481 - INFO - Read process of input file start.
2024-09-20 14:49:52,716 - INFO - Excel file loaded successfully.
2024-09-20 14:49:52,816 - INFO - Loaded sheet: Orders
2024-09-20 14:49:52,818 - INFO - Loaded sheet: Returns
2024-09-20 14:49:52,818 - INFO - Loaded sheet: People
2024-09-20 14:49:52,819 - INFO - Loaded sheet: States
2024-09-20 14:49:52,819 - INFO - Transforming data...
2024-09-20 14:49:52,819 - INFO - Operation 1 processing Join Orders and Returns sheet and add Return Status
2024-09-20 14:49:52,822 - INFO - Operation 2 processing Join Orders and People sheet and add Regional Manager
2024-09-20 14:54:33,123 - INFO - Starting the Superstore data transformation/ Manupulation process.
2024-09-20 14:54:33,123 - INFO - Read process of input file start.
2024-09-20 14:54:33,356 - INFO - Excel file loaded successfully.
2024-09-20 14:54:33,452 - INFO - Loaded sheet: Orders
2024-09-20 14:54:33,454 - INFO - Loaded sheet: Returns
2024-09-20 14:54:33,455 - INFO - Loaded sheet: People
2024-09-20 14:54:33,455 - INFO - Loaded sheet: States
2024-09-20 14:54:33,455 - INFO - Transforming data...
2024-09-20 14:54:33,456 - INFO - Operation 1 processing Join Orders and Returns sheet and add Return Status
2024-09-20 14:54:33,459 - INFO - Operation 2 processing Join Orders and People sheet and add Regional Manager
2024-09-20 14:54:33,462 - INFO - Operation 3 Create new column for Shipping Duration
2024-09-20 14:54:33,472 - INFO - Operation 4 add column Effective Price and calculate Effective Price calculation
2024-09-20 14:54:33,472 - INFO - Operation 5 add column Profit Margin and calculate Profit Margin calculation
2024-09-20 14:54:33,472 - INFO - Operation 6 add column Profitability Segment and calculate Profitability Segment classification
2024-09-20 14:54:33,474 - INFO - Operation 7 add column State Code
2024-09-20 14:57:10,853 - INFO - Starting the Superstore data transformation/ Manupulation process.
2024-09-20 14:57:10,853 - INFO - Read process of input file start.
2024-09-20 14:57:11,087 - INFO - Excel file loaded successfully.
2024-09-20 14:57:11,183 - INFO - Loaded sheet: Orders
2024-09-20 14:57:11,184 - INFO - Loaded sheet: Returns
2024-09-20 14:57:11,185 - INFO - Loaded sheet: People
2024-09-20 14:57:11,186 - INFO - Loaded sheet: States
2024-09-20 14:57:11,186 - INFO - Transforming data...
2024-09-20 14:57:11,186 - INFO - Operation 1 processing Join Orders and Returns sheet and add Return Status
2024-09-20 14:57:11,189 - INFO - Operation 2 processing Join Orders and People sheet and add Regional Manager
2024-09-20 14:57:11,193 - INFO - Operation 3 Create new column for Shipping Duration
2024-09-20 14:57:11,202 - INFO - Operation 4 add column Effective Price and calculate Effective Price calculation
2024-09-20 14:57:11,202 - INFO - Operation 5 add column Profit Margin and calculate Profit Margin calculation
2024-09-20 14:57:11,203 - INFO - Operation 6 add column Profitability Segment and calculate Profitability Segment classification
2024-09-20 14:57:11,204 - INFO - Operation 7 add column State Code
2024-09-20 14:59:07,446 - INFO - Starting the Superstore data transformation/ Manupulation process.
2024-09-20 14:59:07,446 - INFO - Read process of input file start.
2024-09-20 14:59:07,681 - INFO - Excel file loaded successfully.
2024-09-20 14:59:07,782 - INFO - Loaded sheet: Orders
2024-09-20 14:59:07,784 - INFO - Loaded sheet: Returns
2024-09-20 14:59:07,784 - INFO - Loaded sheet: People
2024-09-20 14:59:07,785 - INFO - Loaded sheet: States
2024-09-20 14:59:07,785 - INFO - Transforming data...
2024-09-20 14:59:07,785 - INFO - Operation 1 processing Join Orders and Returns sheet and add Return Status
2024-09-20 14:59:07,789 - INFO - Operation 2 processing Join Orders and People sheet and add Regional Manager
2024-09-20 14:59:07,792 - INFO - Operation 3 Create new column for Shipping Duration
2024-09-20 14:59:07,801 - INFO - Operation 4 add column Effective Price and calculate Effective Price calculation
2024-09-20 14:59:07,802 - INFO - Operation 5 add column Profit Margin and calculate Profit Margin calculation
2024-09-20 14:59:07,802 - INFO - Operation 6 add column Profitability Segment and calculate Profitability Segment classification
2024-09-20 14:59:07,803 - INFO - Operation 7 add column State Code
2024-09-20 14:59:34,190 - INFO - Starting the Superstore data transformation/ Manupulation process.
2024-09-20 14:59:34,190 - INFO - Read process of input file start.
2024-09-20 14:59:34,428 - INFO - Excel file loaded successfully.
2024-09-20 14:59:34,530 - INFO - Loaded sheet: Orders
2024-09-20 14:59:34,533 - INFO - Loaded sheet: Returns
2024-09-20 14:59:34,533 - INFO - Loaded sheet: People
2024-09-20 14:59:34,534 - INFO - Loaded sheet: States
2024-09-20 14:59:34,534 - INFO - Transforming data...
2024-09-20 14:59:34,534 - INFO - Operation 1 processing Join Orders and Returns sheet and add Return Status
2024-09-20 14:59:34,538 - INFO - Operation 2 processing Join Orders and People sheet and add Regional Manager
2024-09-20 14:59:34,541 - INFO - Operation 3 Create new column for Shipping Duration
2024-09-20 14:59:34,551 - INFO - Operation 4 add column Effective Price and calculate Effective Price calculation
2024-09-20 14:59:34,551 - INFO - Operation 5 add column Profit Margin and calculate Profit Margin calculation
2024-09-20 14:59:34,552 - INFO - Operation 6 add column Profitability Segment and calculate Profitability Segment classification
2024-09-20 14:59:34,553 - INFO - Operation 7 add column State Code
2024-09-20 15:02:19,660 - INFO - Starting the Superstore data transformation/ Manupulation process.
2024-09-20 15:02:19,660 - INFO - Read process of input file start.
2024-09-20 15:02:19,897 - INFO - Excel file loaded successfully.
2024-09-20 15:02:19,995 - INFO - Loaded sheet: Orders
2024-09-20 15:02:19,997 - INFO - Loaded sheet: Returns
2024-09-20 15:02:19,997 - INFO - Loaded sheet: People
2024-09-20 15:02:19,998 - INFO - Loaded sheet: States
2024-09-20 15:02:19,998 - INFO - Transforming data...
2024-09-20 15:02:19,998 - INFO - Operation 1 processing Join Orders and Returns sheet and add Return Status
2024-09-20 15:02:20,002 - INFO - Operation 2 processing Join Orders and People sheet and add Regional Manager
2024-09-20 15:02:20,005 - INFO - Operation 3 Create new column for Shipping Duration
2024-09-20 15:02:20,015 - INFO - Operation 4 add column Effective Price and calculate Effective Price calculation
2024-09-20 15:02:20,016 - INFO - Operation 5 add column Profit Margin and calculate Profit Margin calculation
2024-09-20 15:02:20,016 - INFO - Operation 6 add column Profitability Segment and calculate Profitability Segment classification
2024-09-20 15:02:20,017 - INFO - Operation 7 add column State Code
2024-09-20 15:02:29,677 - INFO - Starting the Superstore data transformation/ Manupulation process.
2024-09-20 15:02:29,677 - INFO - Read process of input file start.
2024-09-20 15:02:29,911 - INFO - Excel file loaded successfully.
2024-09-20 15:02:30,009 - INFO - Loaded sheet: Orders
2024-09-20 15:02:30,011 - INFO - Loaded sheet: Returns
2024-09-20 15:02:30,011 - INFO - Loaded sheet: People
2024-09-20 15:02:30,012 - INFO - Loaded sheet: States
2024-09-20 15:02:30,013 - INFO - Transforming data...
2024-09-20 15:02:30,013 - INFO - Operation 1 processing Join Orders and Returns sheet and add Return Status
2024-09-20 15:02:30,016 - INFO - Operation 2 processing Join Orders and People sheet and add Regional Manager
2024-09-20 15:02:30,019 - INFO - Operation 3 Create new column for Shipping Duration
2024-09-20 15:02:30,029 - INFO - Operation 4 add column Effective Price and calculate Effective Price calculation
2024-09-20 15:02:30,029 - INFO - Operation 5 add column Profit Margin and calculate Profit Margin calculation
2024-09-20 15:02:30,030 - INFO - Operation 6 add column Profitability Segment and calculate Profitability Segment classification
2024-09-20 15:02:30,031 - INFO - Operation 7 add column State Code
2024-09-20 15:05:58,784 - INFO - Starting the Superstore data transformation/ Manupulation process.
2024-09-20 15:05:58,785 - INFO - Read process of input file start.
2024-09-20 15:05:59,025 - INFO - Excel file loaded successfully.
2024-09-20 15:05:59,127 - INFO - Loaded sheet: Orders
2024-09-20 15:05:59,129 - INFO - Loaded sheet: Returns
2024-09-20 15:05:59,129 - INFO - Loaded sheet: People
2024-09-20 15:05:59,130 - INFO - Loaded sheet: States
2024-09-20 15:05:59,130 - INFO - Transforming data...
2024-09-20 15:05:59,130 - INFO - Operation 1 processing Join Orders and Returns sheet and add Return Status
2024-09-20 15:05:59,134 - INFO - Operation 2 processing Join Orders and People sheet and add Regional Manager
2024-09-20 15:05:59,137 - INFO - Operation 3 Create new column for Shipping Duration
2024-09-20 15:05:59,147 - INFO - Operation 4 add column Effective Price and calculate Effective Price calculation
2024-09-20 15:05:59,148 - INFO - Operation 5 add column Profit Margin and calculate Profit Margin calculation
2024-09-20 15:05:59,148 - INFO - Operation 6 add column Profitability Segment and calculate Profitability Segment classification
2024-09-20 15:05:59,149 - INFO - Operation 7 add column State Code
2024-09-20 15:09:00,190 - INFO - Starting the Superstore data transformation/ Manupulation process.
2024-09-20 15:09:00,190 - INFO - Read process of input file start.
2024-09-20 15:09:00,431 - INFO - Excel file loaded successfully.
2024-09-20 15:09:00,530 - INFO - Loaded sheet: Orders
2024-09-20 15:09:00,532 - INFO - Loaded sheet: Returns
2024-09-20 15:09:00,533 - INFO - Loaded sheet: People
2024-09-20 15:09:00,533 - INFO - Loaded sheet: States
2024-09-20 15:09:00,533 - INFO - Transforming data...
2024-09-20 15:09:00,533 - INFO - Operation 1 processing Join Orders and Returns sheet and add Return Status
2024-09-20 15:09:00,537 - INFO - Operation 2 processing Join Orders and People sheet and add Regional Manager
2024-09-20 15:09:00,541 - INFO - Operation 3 Create new column for Shipping Duration
2024-09-20 15:09:00,550 - INFO - Operation 4 add column Effective Price and calculate Effective Price calculation
2024-09-20 15:09:00,550 - INFO - Operation 5 add column Profit Margin and calculate Profit Margin calculation
2024-09-20 15:09:00,551 - INFO - Operation 6 add column Profitability Segment and calculate Profitability Segment classification
2024-09-20 15:09:00,552 - INFO - Operation 7 add column State Code
2024-09-20 15:16:27,198 - INFO - Starting the Superstore data transformation/ Manupulation process.
2024-09-20 15:16:27,198 - INFO - Read process of input file start.
2024-09-20 15:16:27,433 - INFO - Excel file loaded successfully.
2024-09-20 15:16:27,536 - INFO - Loaded sheet: Orders
2024-09-20 15:16:27,538 - INFO - Loaded sheet: Returns
2024-09-20 15:16:27,539 - INFO - Loaded sheet: People
2024-09-20 15:16:27,540 - INFO - Loaded sheet: States
2024-09-20 15:16:27,540 - ERROR - Missing expected sheet: {e}
2024-09-20 15:16:39,218 - INFO - Starting the Superstore data transformation/ Manupulation process.
2024-09-20 15:16:39,218 - INFO - Read process of input file start.
2024-09-20 15:16:39,463 - INFO - Excel file loaded successfully.
2024-09-20 15:16:39,564 - INFO - Loaded sheet: Orders
2024-09-20 15:16:39,566 - INFO - Loaded sheet: Returns
2024-09-20 15:16:39,567 - INFO - Loaded sheet: People
2024-09-20 15:16:39,567 - INFO - Loaded sheet: States
2024-09-20 15:16:39,567 - ERROR - Missing expected sheet: 'States1'
2024-09-20 15:16:51,851 - INFO - Starting the Superstore data transformation/ Manupulation process.
2024-09-20 15:16:51,851 - INFO - Read process of input file start.
2024-09-20 15:16:52,091 - INFO - Excel file loaded successfully.
2024-09-20 15:16:52,192 - INFO - Loaded sheet: Orders
2024-09-20 15:16:52,194 - INFO - Loaded sheet: Returns
2024-09-20 15:16:52,194 - INFO - Loaded sheet: People
2024-09-20 15:16:52,195 - INFO - Loaded sheet: States
2024-09-20 15:16:52,195 - INFO - Transforming data...
2024-09-20 15:16:52,195 - INFO - Operation 1 processing Join Orders and Returns sheet and add Return Status
2024-09-20 15:16:52,199 - INFO - Operation 2 processing Join Orders and People sheet and add Regional Manager
2024-09-20 15:16:52,202 - INFO - Operation 3 Create new column for Shipping Duration
2024-09-20 15:16:52,212 - INFO - Operation 4 add column Effective Price and calculate Effective Price calculation
2024-09-20 15:16:52,212 - INFO - Operation 5 add column Profit Margin and calculate Profit Margin calculation
2024-09-20 15:16:52,212 - INFO - Operation 6 add column Profitability Segment and calculate Profitability Segment classification
2024-09-20 15:16:52,214 - INFO - Operation 7 add column State Code
2024-09-20 15:23:37,887 - INFO - Starting the Superstore data transformation/ Manupulation process.
2024-09-20 15:23:37,887 - INFO - Read process of input file start.
2024-09-20 15:23:38,130 - INFO - Excel file loaded successfully.
2024-09-20 15:23:38,230 - INFO - Loaded sheet: Orders
2024-09-20 15:23:38,231 - INFO - Loaded sheet: Returns
2024-09-20 15:23:38,232 - INFO - Loaded sheet: People
2024-09-20 15:23:38,233 - INFO - Loaded sheet: States
2024-09-20 15:23:38,233 - INFO - Transforming data...
2024-09-20 15:23:38,233 - INFO - Operation 1 processing Join Orders and Returns sheet and add Return Status
2024-09-20 15:23:38,234 - INFO - Operation 2 processing Join Orders and People sheet and add Regional Manager
2024-09-20 15:23:38,237 - INFO - Operation 3 Create new column for Shipping Duration
2024-09-20 15:23:38,247 - INFO - Operation 4 add column Effective Price and calculate Effective Price calculation
2024-09-20 15:23:38,247 - INFO - Operation 5 add column Profit Margin and calculate Profit Margin calculation
2024-09-20 15:23:38,248 - INFO - Operation 6 add column Profitability Segment and calculate Profitability Segment classification
2024-09-20 15:23:38,249 - INFO - Operation 7 add column State Code
2024-09-20 17:26:21,456 - INFO - Starting the Superstore data transformation/ Manupulation process.
2024-09-20 17:26:21,456 - INFO - Read process of input file start.
2024-09-20 17:26:21,459 - ERROR - Failed to load Excel file: [Errno 2] No such file or directory: '"../resources/Superstore.xls"'
2024-09-20 17:27:05,467 - INFO - Starting the Superstore data transformation/ Manupulation process.
2024-09-20 17:27:05,467 - INFO - Read process of input file start.
2024-09-20 17:27:05,742 - INFO - Excel file loaded successfully.
2024-09-20 17:27:05,983 - INFO - Loaded sheet: Orders
2024-09-20 17:27:05,989 - INFO - Loaded sheet: Returns
2024-09-20 17:27:05,990 - INFO - Loaded sheet: People
2024-09-20 17:27:05,991 - INFO - Loaded sheet: States
2024-09-20 17:27:05,991 - INFO - Transforming data...
2024-09-20 17:27:05,991 - INFO - Operation 1 processing Join Orders and Returns sheet and add Return Status
2024-09-20 17:27:06,097 - INFO - Operation 2 processing Join Orders and People sheet and add Regional Manager
2024-09-20 17:27:06,168 - INFO - Operation 3 Create new column for Shipping Duration
2024-09-20 17:27:06,185 - INFO - Operation 4 add column Effective Price and calculate Effective Price calculation
2024-09-20 17:27:06,185 - INFO - Operation 5 add column Profit Margin and calculate Profit Margin calculation
2024-09-20 17:27:06,186 - INFO - Operation 6 add column Profitability Segment and calculate Profitability Segment classification
2024-09-20 17:27:06,187 - INFO - Operation 7 add column State Code
2024-09-20 17:37:43,173 - INFO - Starting the Superstore data transformation/ Manupulation process.
2024-09-20 17:37:43,173 - INFO - Read process of input file start.
2024-09-20 17:37:43,504 - INFO - Excel file loaded successfully.
2024-09-20 17:37:43,685 - INFO - Loaded sheet: Orders
2024-09-20 17:37:43,688 - INFO - Loaded sheet: Returns
2024-09-20 17:37:43,688 - INFO - Loaded sheet: People
2024-09-20 17:37:43,689 - INFO - Loaded sheet: States
2024-09-20 17:37:43,689 - INFO - Transforming data...
2024-09-20 17:37:43,689 - INFO - Operation 1 processing Join Orders and Returns sheet and add Return Status
2024-09-20 17:37:43,691 - INFO - Operation 2 processing Join Orders and People sheet and add Regional Manager
2024-09-20 17:37:43,694 - INFO - Operation 3 Create new column for Shipping Duration
2024-09-20 17:37:43,707 - INFO - Operation 4 add column Effective Price and calculate Effective Price calculation
2024-09-20 17:37:43,708 - INFO - Operation 5 add column Profit Margin and calculate Profit Margin calculation
2024-09-20 17:37:43,708 - INFO - Operation 6 add column Profitability Segment and calculate Profitability Segment classification
2024-09-20 17:37:43,710 - INFO - Operation 7 add column State Code
